[2020-11-26T14:45:13.909] [DEBUG] cheese - login => username:123456,password:123456
[2020-11-26T14:45:13.911] [DEBUG] cheese - 123456
[2020-11-26T14:45:13.917] [DEBUG] cheese - null
[2020-11-26T14:45:13.917] [DEBUG] cheese - null
[2020-11-26T14:45:27.695] [DEBUG] cheese - login => username:admin,password:123456
[2020-11-26T14:45:27.695] [DEBUG] cheese - admin
[2020-11-26T14:45:27.698] [DEBUG] cheese - null
[2020-11-26T14:45:27.698] [DEBUG] cheese - null
[2020-11-26T14:46:07.813] [DEBUG] cheese - login => username:admin,password:123456
[2020-11-26T14:46:07.813] [DEBUG] cheese - admin
[2020-11-26T14:46:07.815] [DEBUG] cheese - null
[2020-11-26T14:46:07.815] [DEBUG] cheese - null
[2020-11-26T14:46:46.123] [DEBUG] cheese - login => username:admin,password:123456
[2020-11-26T14:46:46.124] [DEBUG] cheese - admin
[2020-11-26T14:46:46.125] [DEBUG] cheese - null
[2020-11-26T14:46:46.126] [DEBUG] cheese - null
[2020-11-26T14:46:50.310] [DEBUG] cheese - login => username:admin,password:1234567
[2020-11-26T14:46:50.310] [DEBUG] cheese - admin
[2020-11-26T14:46:50.312] [DEBUG] cheese - null
[2020-11-26T14:46:50.313] [DEBUG] cheese - null
[2020-11-26T16:44:40.482] [DEBUG] cheese - login => username:admin,password:123456
[2020-11-26T16:44:40.482] [DEBUG] cheese - admin
[2020-11-26T16:44:40.485] [DEBUG] cheese - null
[2020-11-26T16:44:40.485] [DEBUG] cheese - null
[2020-11-26T16:44:52.436] [DEBUG] cheese - login => username:admin,password:123456
[2020-11-26T16:44:52.436] [DEBUG] cheese - admin
[2020-11-26T16:44:52.438] [DEBUG] cheese - null
[2020-11-26T16:44:52.438] [DEBUG] cheese - null
[2020-11-26T16:45:37.989] [DEBUG] cheese - login => username:admin,password:123456
[2020-11-26T16:45:37.990] [DEBUG] cheese - admin
[2020-11-26T16:45:37.991] [DEBUG] cheese - null
[2020-11-26T16:45:37.991] [DEBUG] cheese - null
[2020-11-26T16:46:46.314] [DEBUG] cheese - login => username:admin,password:123456
[2020-11-26T16:46:46.314] [DEBUG] cheese - admin
[2020-11-26T16:46:46.316] [DEBUG] cheese - null
[2020-11-26T16:46:46.316] [DEBUG] cheese - null
[2020-11-26T16:46:54.245] [DEBUG] cheese - login => username:admin,password:123456
[2020-11-26T16:46:54.245] [DEBUG] cheese - admin
[2020-11-26T16:46:54.246] [DEBUG] cheese - null
[2020-11-26T16:46:54.246] [DEBUG] cheese - null
[2020-11-26T16:47:19.131] [DEBUG] cheese - login => username:admin,password:123456
[2020-11-26T16:47:19.131] [DEBUG] cheese - admin
[2020-11-26T16:47:19.133] [DEBUG] cheese - null
[2020-11-26T16:47:19.133] [DEBUG] cheese - null
[2020-11-26T16:49:32.488] [DEBUG] cheese - login => username:adminadminadminadminadmin,password:123456
[2020-11-26T16:49:32.488] [DEBUG] cheese - adminadminadminadminadmin
[2020-11-26T16:49:32.490] [DEBUG] cheese - null
[2020-11-26T16:49:32.491] [DEBUG] cheese - null
[2020-11-26T16:49:40.584] [DEBUG] cheese - login => username:admin,password:123456
[2020-11-26T16:49:40.584] [DEBUG] cheese - admin
[2020-11-26T16:49:40.586] [DEBUG] cheese - null
[2020-11-26T16:49:40.587] [DEBUG] cheese - null
[2020-11-26T16:50:20.895] [DEBUG] cheese - login => username:admin,password:123456f
[2020-11-26T16:50:20.895] [DEBUG] cheese - admin
[2020-11-26T16:50:20.897] [DEBUG] cheese - null
[2020-11-26T16:50:20.897] [DEBUG] cheese - null
[2020-11-26T16:50:50.629] [DEBUG] cheese - login => username:admin,password:123456a
[2020-11-26T16:50:50.629] [DEBUG] cheese - admin
[2020-11-26T16:50:50.630] [DEBUG] cheese - null
[2020-11-26T16:50:50.630] [DEBUG] cheese - null
[2020-11-26T16:50:54.442] [DEBUG] cheese - login => username:admina,password:123456a
[2020-11-26T16:50:54.442] [DEBUG] cheese - admina
[2020-11-26T16:50:54.443] [DEBUG] cheese - null
[2020-11-26T16:50:54.444] [DEBUG] cheese - null
[2020-11-26T16:50:57.745] [DEBUG] cheese - login => username:admina,password:123456a
[2020-11-26T16:50:57.746] [DEBUG] cheese - admina
[2020-11-26T16:50:57.747] [DEBUG] cheese - null
[2020-11-26T16:50:57.747] [DEBUG] cheese - null
[2020-11-26T16:50:57.915] [DEBUG] cheese - login => username:admina,password:123456a
[2020-11-26T16:50:57.915] [DEBUG] cheese - admina
[2020-11-26T16:50:57.917] [DEBUG] cheese - null
[2020-11-26T16:50:57.917] [DEBUG] cheese - null
[2020-11-26T16:50:58.081] [DEBUG] cheese - login => username:admina,password:123456a
[2020-11-26T16:50:58.081] [DEBUG] cheese - admina
[2020-11-26T16:50:58.082] [DEBUG] cheese - null
[2020-11-26T16:50:58.082] [DEBUG] cheese - null
[2020-11-26T16:50:58.249] [DEBUG] cheese - login => username:admina,password:123456a
[2020-11-26T16:50:58.249] [DEBUG] cheese - admina
[2020-11-26T16:50:58.251] [DEBUG] cheese - null
[2020-11-26T16:50:58.251] [DEBUG] cheese - null
[2020-11-26T16:50:58.424] [DEBUG] cheese - login => username:admina,password:123456a
[2020-11-26T16:50:58.424] [DEBUG] cheese - admina
[2020-11-26T16:50:58.426] [DEBUG] cheese - null
[2020-11-26T16:50:58.426] [DEBUG] cheese - null
[2020-11-26T16:50:58.584] [DEBUG] cheese - login => username:admina,password:123456a
[2020-11-26T16:50:58.584] [DEBUG] cheese - admina
[2020-11-26T16:50:58.585] [DEBUG] cheese - null
[2020-11-26T16:50:58.586] [DEBUG] cheese - null
[2020-11-26T16:54:30.344] [DEBUG] cheese - login => username:admin,password:123456
[2020-11-26T16:54:30.344] [DEBUG] cheese - admin
[2020-11-26T16:54:30.348] [DEBUG] cheese - null
[2020-11-26T16:54:30.349] [DEBUG] cheese - null
[2020-11-26T17:04:25.734] [DEBUG] cheese - login => username:admin,password:123456
[2020-11-26T17:04:25.734] [DEBUG] cheese - admin
[2020-11-26T17:04:25.737] [DEBUG] cheese - null
[2020-11-26T17:04:25.737] [DEBUG] cheese - null
[2020-11-26T17:05:51.938] [DEBUG] cheese - login => username:admin,password:123456
[2020-11-26T17:05:51.938] [DEBUG] cheese - admin
[2020-11-26T17:05:51.939] [DEBUG] cheese - null
[2020-11-26T17:05:51.940] [DEBUG] cheese - null
[2020-11-26T17:06:55.177] [DEBUG] cheese - login => username:admin,password:123456
[2020-11-26T17:06:55.178] [DEBUG] cheese - admin
[2020-11-26T17:06:55.179] [DEBUG] cheese - null
[2020-11-26T17:06:55.179] [DEBUG] cheese - null
[2020-11-26T17:14:04.822] [DEBUG] cheese - login => username:admin,password:123456
[2020-11-26T17:14:04.823] [DEBUG] cheese - admin
[2020-11-26T17:14:04.826] [DEBUG] cheese - null
[2020-11-26T17:14:04.826] [DEBUG] cheese - null
[2020-11-26T17:28:18.578] [DEBUG] cheese - login => username:admin,password:123456
[2020-11-26T17:28:18.578] [DEBUG] cheese - admin
[2020-11-26T17:28:18.582] [DEBUG] cheese - null
[2020-11-26T17:28:18.582] [DEBUG] cheese - null
[2020-11-26T17:29:03.395] [DEBUG] cheese - login => username:admin,password:123456
[2020-11-26T17:29:03.395] [DEBUG] cheese - admin
[2020-11-26T17:29:03.396] [DEBUG] cheese - null
[2020-11-26T17:29:03.396] [DEBUG] cheese - null
[2020-11-26T17:29:06.452] [DEBUG] cheese - login => username:admin,password:123456
[2020-11-26T17:29:06.452] [DEBUG] cheese - admin
[2020-11-26T17:29:06.453] [DEBUG] cheese - null
[2020-11-26T17:29:06.454] [DEBUG] cheese - null
[2020-11-26T17:29:08.984] [DEBUG] cheese - login => username:admin,password:123456
[2020-11-26T17:29:08.984] [DEBUG] cheese - admin
[2020-11-26T17:29:08.985] [DEBUG] cheese - null
[2020-11-26T17:29:08.985] [DEBUG] cheese - null
[2020-11-26T17:50:47.826] [DEBUG] cheese - login => username:admin,password:123456
[2020-11-26T17:50:47.826] [DEBUG] cheese - admin
[2020-11-26T17:50:47.830] [DEBUG] cheese - null
[2020-11-26T17:50:47.830] [DEBUG] cheese - null
[2020-11-26T17:50:51.410] [DEBUG] cheese - login => username:admin,password:123456
[2020-11-26T17:50:51.411] [DEBUG] cheese - admin
[2020-11-26T17:50:51.412] [DEBUG] cheese - null
[2020-11-26T17:50:51.412] [DEBUG] cheese - null
[2020-11-26T18:16:20.825] [DEBUG] cheese - login => username:admin,password:123456
[2020-11-26T18:16:20.825] [DEBUG] cheese - admin
[2020-11-26T18:16:20.828] [DEBUG] cheese - null
[2020-11-26T18:16:20.828] [DEBUG] cheese - null
[2020-11-26T18:31:02.495] [DEBUG] cheese - login => username:admin,password:123456
[2020-11-26T18:31:02.496] [DEBUG] cheese - admin
[2020-11-26T18:31:02.500] [DEBUG] cheese - null
[2020-11-26T18:31:02.500] [DEBUG] cheese - null
[2020-11-26T18:32:33.998] [DEBUG] cheese - login => username:admin,password:123456
[2020-11-26T18:32:33.998] [DEBUG] cheese - admin
[2020-11-26T18:32:33.999] [DEBUG] cheese - null
[2020-11-26T18:32:33.999] [DEBUG] cheese - null
[2020-11-26T19:03:22.694] [DEBUG] cheese - login => username:admin,password:123456
[2020-11-26T19:03:22.694] [DEBUG] cheese - admin
[2020-11-26T19:03:22.697] [DEBUG] cheese - null
[2020-11-26T19:03:22.697] [DEBUG] cheese - null
[2020-11-26T19:04:18.357] [DEBUG] cheese - login => username:admin,password:123456
[2020-11-26T19:04:18.357] [DEBUG] cheese - admin
[2020-11-26T19:04:18.359] [DEBUG] cheese - null
[2020-11-26T19:04:18.359] [DEBUG] cheese - null
[2020-11-26T19:06:17.519] [DEBUG] cheese - login => username:admin,password:123456
[2020-11-26T19:06:17.519] [DEBUG] cheese - admin
[2020-11-26T19:06:17.520] [DEBUG] cheese - null
[2020-11-26T19:06:17.520] [DEBUG] cheese - null
[2020-11-26T19:06:23.986] [DEBUG] cheese - login => username:admin,password:123456
[2020-11-26T19:06:23.986] [DEBUG] cheese - admin
[2020-11-26T19:06:23.987] [DEBUG] cheese - null
[2020-11-26T19:06:23.987] [DEBUG] cheese - null
[2021-07-19T23:35:49.162] [DEBUG] cheese - login => username:admin,password:123456
[2021-07-19T23:35:49.164] [DEBUG] cheese - admin
[2021-07-19T23:35:49.175] [DEBUG] cheese - null
[2021-07-19T23:35:49.175] [DEBUG] cheese - null
[2021-07-19T23:36:24.564] [DEBUG] cheese - login => username:admin,password:123456
[2021-07-19T23:36:24.564] [DEBUG] cheese - admin
[2021-07-19T23:36:24.566] [DEBUG] cheese - null
[2021-07-19T23:36:24.566] [DEBUG] cheese - null
[2021-07-19T23:36:40.111] [DEBUG] cheese - login => username:admin,password:123456
[2021-07-19T23:36:40.111] [DEBUG] cheese - admin
[2021-07-19T23:36:40.113] [DEBUG] cheese - null
[2021-07-19T23:36:40.113] [DEBUG] cheese - null
[2021-07-19T23:41:56.000] [DEBUG] cheese - login => username:12,password:123456
[2021-07-19T23:41:56.002] [DEBUG] cheese - 12
[2021-07-19T23:41:56.009] [DEBUG] cheese - null
[2021-07-19T23:41:56.009] [DEBUG] cheese - null
[2021-07-19T23:42:30.415] [DEBUG] cheese - login => username:admin,password:123456
[2021-07-19T23:42:30.416] [DEBUG] cheese - admin
[2021-07-19T23:42:30.420] [DEBUG] cheese - null
[2021-07-19T23:42:30.420] [DEBUG] cheese - null
[2021-07-22T21:43:09.992] [DEBUG] cheese - login => username:zsn,password:123456
[2021-07-22T21:43:09.994] [DEBUG] cheese - zsn
[2021-07-22T21:43:10.025] [DEBUG] cheese - null
[2021-07-22T21:43:10.026] [DEBUG] cheese - null
[2021-07-22T21:43:13.424] [DEBUG] cheese - login => username:zsn,password:123456
[2021-07-22T21:43:13.424] [DEBUG] cheese - zsn
[2021-07-22T21:43:13.426] [DEBUG] cheese - null
[2021-07-22T21:43:13.426] [DEBUG] cheese - null
[2021-07-22T21:43:13.600] [DEBUG] cheese - login => username:zsn,password:123456
[2021-07-22T21:43:13.600] [DEBUG] cheese - zsn
[2021-07-22T21:43:13.604] [DEBUG] cheese - null
[2021-07-22T21:43:13.604] [DEBUG] cheese - null
[2021-07-22T21:43:13.764] [DEBUG] cheese - login => username:zsn,password:123456
[2021-07-22T21:43:13.765] [DEBUG] cheese - zsn
[2021-07-22T21:43:13.766] [DEBUG] cheese - null
[2021-07-22T21:43:13.766] [DEBUG] cheese - null
[2021-07-22T21:43:13.960] [DEBUG] cheese - login => username:zsn,password:123456
[2021-07-22T21:43:13.960] [DEBUG] cheese - zsn
[2021-07-22T21:43:13.963] [DEBUG] cheese - null
[2021-07-22T21:43:13.963] [DEBUG] cheese - null
[2021-07-22T21:43:14.365] [DEBUG] cheese - login => username:zsn,password:123456
[2021-07-22T21:43:14.365] [DEBUG] cheese - zsn
[2021-07-22T21:43:14.367] [DEBUG] cheese - null
[2021-07-22T21:43:14.367] [DEBUG] cheese - null
[2021-07-22T21:43:14.567] [DEBUG] cheese - login => username:zsn,password:123456
[2021-07-22T21:43:14.567] [DEBUG] cheese - zsn
[2021-07-22T21:43:14.570] [DEBUG] cheese - null
[2021-07-22T21:43:14.570] [DEBUG] cheese - null
[2021-07-22T21:43:14.748] [DEBUG] cheese - login => username:zsn,password:123456
[2021-07-22T21:43:14.748] [DEBUG] cheese - zsn
[2021-07-22T21:43:14.750] [DEBUG] cheese - null
[2021-07-22T21:43:14.750] [DEBUG] cheese - null
[2021-07-22T21:43:14.957] [DEBUG] cheese - login => username:zsn,password:123456
[2021-07-22T21:43:14.957] [DEBUG] cheese - zsn
[2021-07-22T21:43:14.959] [DEBUG] cheese - null
[2021-07-22T21:43:14.959] [DEBUG] cheese - null
[2021-07-22T21:43:15.142] [DEBUG] cheese - login => username:zsn,password:123456
[2021-07-22T21:43:15.143] [DEBUG] cheese - zsn
[2021-07-22T21:43:15.144] [DEBUG] cheese - null
[2021-07-22T21:43:15.144] [DEBUG] cheese - null
[2021-07-22T21:43:15.304] [DEBUG] cheese - login => username:zsn,password:123456
[2021-07-22T21:43:15.304] [DEBUG] cheese - zsn
[2021-07-22T21:43:15.307] [DEBUG] cheese - null
[2021-07-22T21:43:15.307] [DEBUG] cheese - null
[2021-07-22T21:43:27.040] [DEBUG] cheese - login => username:123,password:123456
[2021-07-22T21:43:27.040] [DEBUG] cheese - 123
[2021-07-22T21:43:27.042] [DEBUG] cheese - null
[2021-07-22T21:43:27.042] [DEBUG] cheese - null
[2021-07-22T21:43:28.016] [DEBUG] cheese - login => username:123,password:123456
[2021-07-22T21:43:28.016] [DEBUG] cheese - 123
[2021-07-22T21:43:28.019] [DEBUG] cheese - null
[2021-07-22T21:43:28.019] [DEBUG] cheese - null
[2021-07-22T21:43:28.188] [DEBUG] cheese - login => username:123,password:123456
[2021-07-22T21:43:28.188] [DEBUG] cheese - 123
[2021-07-22T21:43:28.190] [DEBUG] cheese - null
[2021-07-22T21:43:28.190] [DEBUG] cheese - null
[2021-07-22T21:43:28.372] [DEBUG] cheese - login => username:123,password:123456
[2021-07-22T21:43:28.372] [DEBUG] cheese - 123
[2021-07-22T21:43:28.374] [DEBUG] cheese - null
[2021-07-22T21:43:28.374] [DEBUG] cheese - null
[2021-07-22T21:43:28.590] [DEBUG] cheese - login => username:123,password:123456
[2021-07-22T21:43:28.591] [DEBUG] cheese - 123
[2021-07-22T21:43:28.592] [DEBUG] cheese - null
[2021-07-22T21:43:28.592] [DEBUG] cheese - null
[2021-07-22T21:44:27.812] [DEBUG] cheese - login => username:123,password:123456
[2021-07-22T21:44:27.812] [DEBUG] cheese - 123
[2021-07-22T21:44:27.814] [DEBUG] cheese - null
[2021-07-22T21:44:27.815] [DEBUG] cheese - null
[2021-07-22T21:45:44.513] [DEBUG] cheese - login => username:123,password:123456
[2021-07-22T21:45:44.513] [DEBUG] cheese - 123
[2021-07-22T21:45:44.515] [DEBUG] cheese - null
[2021-07-22T21:45:44.515] [DEBUG] cheese - null
[2021-07-22T21:47:18.074] [DEBUG] cheese - login => username:122,password:123456
[2021-07-22T21:47:18.075] [DEBUG] cheese - 122
[2021-07-22T21:47:18.077] [DEBUG] cheese - null
[2021-07-22T21:47:18.077] [DEBUG] cheese - null
[2021-07-22T21:47:51.681] [DEBUG] cheese - login => username:123,password:123456
[2021-07-22T21:47:51.681] [DEBUG] cheese - 123
[2021-07-22T21:47:51.684] [DEBUG] cheese - null
[2021-07-22T21:47:51.685] [DEBUG] cheese - null
[2021-07-22T21:50:11.320] [DEBUG] cheese - login => username:123,password:123456
[2021-07-22T21:50:11.320] [DEBUG] cheese - 123
[2021-07-22T21:50:11.324] [DEBUG] cheese - null
[2021-07-22T21:50:11.324] [DEBUG] cheese - null
[2021-07-22T21:50:18.394] [DEBUG] cheese - login => username:admin,password:123456
[2021-07-22T21:50:18.394] [DEBUG] cheese - admin
[2021-07-22T21:50:18.401] [DEBUG] cheese - null
[2021-07-22T21:50:18.401] [DEBUG] cheese - null
[2021-07-22T21:51:00.438] [DEBUG] cheese - login => username:admin,password:123456
[2021-07-22T21:51:00.439] [DEBUG] cheese - admin
[2021-07-22T21:51:00.441] [DEBUG] cheese - null
[2021-07-22T21:51:00.441] [DEBUG] cheese - null
